<?xml version="1.0" encoding="UTF-8"?>
<!-- Generated by org.testng.reporters.JUnitReportReporter -->
<testsuite hostname="PC-DuyHai" name="fr.doan.achilles.metadata.EntityParserTest" tests="1" failures="0" timestamp="11 Nov 2012 14:17:36 GMT" time="0.030" errors="0">
  <testcase name="should_parse_entity_with_table_name" time="0.030" classname="fr.doan.achilles.metadata.EntityParserTest"/>
</testsuite> <!-- fr.doan.achilles.metadata.EntityParserTest -->
