<?xml version="1.0" encoding="UTF-8"?>
<!-- Generated by org.testng.reporters.JUnitReportReporter -->
<testsuite hostname="PC-DuyHai" name="fr.doan.achilles.columnFamily.ColumnFamilyBuilderTest" tests="1" failures="0" timestamp="11 Nov 2012 19:07:45 GMT" time="0.061" errors="0">
  <testcase name="should_build_cf" time="0.061" classname="fr.doan.achilles.columnFamily.ColumnFamilyBuilderTest"/>
</testsuite> <!-- fr.doan.achilles.columnFamily.ColumnFamilyBuilderTest -->
