<?xml version="1.0" encoding="UTF-8"?>
<!-- Generated by org.testng.reporters.JUnitReportReporter -->
<testsuite hostname="PC-DuyHai" name="fr.doan.achilles.metadata.ListPropertyMetaTest" tests="4" failures="0" timestamp="10 Nov 2012 20:25:12 GMT" time="0.041" errors="0">
  <testcase name="should_exception_if_valueClass_no_default_constructor" time="0.010" classname="fr.doan.achilles.metadata.ListPropertyMetaTest"/>
  <testcase name="should_create_new_default_list_instance" time="0.000" classname="fr.doan.achilles.metadata.ListPropertyMetaTest"/>
  <testcase name="should_create_new_ArrayList_instance" time="0.031" classname="fr.doan.achilles.metadata.ListPropertyMetaTest"/>
  <testcase name="should_exception_when_listClazz_null" time="0.000" classname="fr.doan.achilles.metadata.ListPropertyMetaTest"/>
</testsuite> <!-- fr.doan.achilles.metadata.ListPropertyMetaTest -->
