<?xml version="1.0" encoding="UTF-8"?>
<!-- Generated by org.testng.reporters.JUnitReportReporter -->
<testsuite hostname="PC-DuyHai" name="fr.doan.achilles.metadata.ArgumentsValidatorTest" tests="8" failures="0" timestamp="11 Nov 2012 10:17:06 GMT" time="0.030" errors="0">
  <testcase name="should_exception_when_blank" time="0.010" classname="fr.doan.achilles.metadata.ArgumentsValidatorTest"/>
  <testcase name="should_exception_when_string_null" time="0.000" classname="fr.doan.achilles.metadata.ArgumentsValidatorTest"/>
  <testcase name="should_exception_when_no_default_constructor" time="0.000" classname="fr.doan.achilles.metadata.ArgumentsValidatorTest"/>
  <testcase name="should_exception_when_empty_collection" time="0.000" classname="fr.doan.achilles.metadata.ArgumentsValidatorTest"/>
  <testcase name="should_exception_when_null" time="0.000" classname="fr.doan.achilles.metadata.ArgumentsValidatorTest"/>
  <testcase name="should_exception_when_null_collection" time="0.010" classname="fr.doan.achilles.metadata.ArgumentsValidatorTest"/>
  <testcase name="should_exception_when_null_map" time="0.010" classname="fr.doan.achilles.metadata.ArgumentsValidatorTest"/>
  <testcase name="should_exception_when_empty_map" time="0.000" classname="fr.doan.achilles.metadata.ArgumentsValidatorTest"/>
</testsuite> <!-- fr.doan.achilles.metadata.ArgumentsValidatorTest -->
