<?xml version="1.0" encoding="UTF-8"?>
<!-- Generated by org.testng.reporters.JUnitReportReporter -->
<testsuite hostname="PC-DuyHai" name="fr.doan.achilles.metadata.MapPropertyMetaTest" tests="2" failures="0" timestamp="11 Nov 2012 10:37:52 GMT" time="0.030" errors="0">
  <testcase name="should_create_new_default_set_instance" time="0.000" classname="fr.doan.achilles.metadata.MapPropertyMetaTest"/>
  <testcase name="should_create_new_HashMap_instance" time="0.030" classname="fr.doan.achilles.metadata.MapPropertyMetaTest"/>
</testsuite> <!-- fr.doan.achilles.metadata.MapPropertyMetaTest -->
