<?xml version="1.0" encoding="UTF-8"?>
<!-- Generated by org.testng.reporters.JUnitReportReporter -->
<testsuite hostname="PC-DuyHai" name="fr.doan.achilles.metadata.EntityMetaTest" tests="2" failures="0" timestamp="11 Nov 2012 10:22:44 GMT" time="0.020" errors="0">
  <testcase name="should_create_entity_meta" time="0.020" classname="fr.doan.achilles.metadata.EntityMetaTest"/>
  <testcase name="should_create_entity_meta_with_column_family" time="0.000" classname="fr.doan.achilles.metadata.EntityMetaTest"/>
</testsuite> <!-- fr.doan.achilles.metadata.EntityMetaTest -->
