<?xml version="1.0" encoding="UTF-8"?>
<!-- Generated by org.testng.reporters.JUnitReportReporter -->
<testsuite hostname="PC-DuyHai" name="fr.doan.achilles.metadata.PropertyMetaTest" tests="4" failures="0" timestamp="7 Nov 2012 23:07:29 GMT" time="0.026" errors="0">
  <testcase name="should_exception_when_blank_name" time="0.012" classname="fr.doan.achilles.metadata.PropertyMetaTest"/>
  <testcase name="should_exception_when_no_provided_type" time="0.000" classname="fr.doan.achilles.metadata.PropertyMetaTest"/>
  <testcase name="should_infer_properties_for_string_type" time="0.001" classname="fr.doan.achilles.metadata.PropertyMetaTest"/>
  <testcase name="should_infer_properties_for_generic_type" time="0.013" classname="fr.doan.achilles.metadata.PropertyMetaTest"/>
</testsuite> <!-- fr.doan.achilles.metadata.PropertyMetaTest -->
