<?xml version="1.0" encoding="UTF-8"?>
<!-- Generated by org.testng.reporters.JUnitReportReporter -->
<testsuite hostname="PC-DuyHai" name="fr.doan.achilles.metadata.SetPropertyMetaTest" tests="4" failures="0" timestamp="10 Nov 2012 20:28:28 GMT" time="0.020" errors="0">
  <testcase name="should_exception_if_setClass_no_default_constructor" time="0.000" classname="fr.doan.achilles.metadata.SetPropertyMetaTest"/>
  <testcase name="should_create_new_default_set_instance" time="0.000" classname="fr.doan.achilles.metadata.SetPropertyMetaTest"/>
  <testcase name="should_exception_when_setClazz_null" time="0.000" classname="fr.doan.achilles.metadata.SetPropertyMetaTest"/>
  <testcase name="should_create_new_HashSet_instance" time="0.020" classname="fr.doan.achilles.metadata.SetPropertyMetaTest"/>
</testsuite> <!-- fr.doan.achilles.metadata.SetPropertyMetaTest -->
