<?xml version="1.0" encoding="UTF-8"?>
<!-- Generated by org.testng.reporters.JUnitReportReporter -->
<testsuite hostname="PC-DuyHai" name="fr.doan.achilles.parser.EntityParserTest" tests="8" failures="0" timestamp="11 Nov 2012 14:58:05 GMT" time="0.220" errors="0">
  <testcase name="should_parse_entity" time="0.020" classname="fr.doan.achilles.parser.EntityParserTest"/>
  <testcase name="should_parse_entity_with_table_name" time="0.000" classname="fr.doan.achilles.parser.EntityParserTest"/>
  <testcase name="should_exception_when_entity_has_no_serialVersionUID" time="0.000" classname="fr.doan.achilles.parser.EntityParserTest"/>
  <testcase name="should_exception_when_entity_has_no_id" time="0.000" classname="fr.doan.achilles.parser.EntityParserTest"/>
  <testcase name="should_exception_when_entity_has_no_table_annotation" time="0.000" classname="fr.doan.achilles.parser.EntityParserTest"/>
  <testcase name="should_exception_when_entity_has_no_column" time="0.010" classname="fr.doan.achilles.parser.EntityParserTest"/>
  <testcase name="should_exception_when_id_type_not_serializable" time="0.190" classname="fr.doan.achilles.parser.EntityParserTest"/>
  <testcase name="should_exception_when_entity_has_non_public_serialVersionUID" time="0.000" classname="fr.doan.achilles.parser.EntityParserTest"/>
</testsuite> <!-- fr.doan.achilles.parser.EntityParserTest -->
